22:24:15.505 [background-preinit] INFO  o.h.validator.internal.util.Version - HV000001: Hibernate Validator 8.0.1.Final
22:24:15.724 [restartedMain] INFO  c.e.e.ExercicoSpringTesteApplication - Starting ExercicoSpringTesteApplication using Java 17.0.6 with PID 35737 (/home/tcharles/Área de Trabalho/Spring-Boot_Exemples/exercicioSpring_teste/target/classes started by tcharles in /home/tcharles/Área de Trabalho/Spring-Boot_Exemples/exercicioSpring_teste)
22:24:15.727 [restartedMain] INFO  c.e.e.ExercicoSpringTesteApplication - No active profile set, falling back to 1 default profile: "default"
22:24:15.827 [restartedMain] INFO  o.s.b.d.e.DevToolsPropertyDefaultsPostProcessor - Devtools property defaults active! Set 'spring.devtools.add-properties' to 'false' to disable
22:24:15.828 [restartedMain] INFO  o.s.b.d.e.DevToolsPropertyDefaultsPostProcessor - For additional web related logging consider setting the 'logging.level.web' property to 'DEBUG'
22:24:17.986 [restartedMain] INFO  o.s.d.r.c.RepositoryConfigurationDelegate - Multiple Spring Data modules found, entering strict repository configuration mode
22:24:17.988 [restartedMain] INFO  o.s.d.r.c.RepositoryConfigurationDelegate - Bootstrapping Spring Data JDBC repositories in DEFAULT mode.
22:24:18.041 [restartedMain] INFO  o.s.d.r.c.RepositoryConfigurationExtensionSupport - Spring Data JDBC - Could not safely identify store assignment for repository candidate interface com.example.exercicio.repository.BoletoRepository; If you want this repository to be a JDBC repository, consider annotating your entities with one of these annotations: org.springframework.data.relational.core.mapping.Table.
22:24:18.043 [restartedMain] INFO  o.s.d.r.c.RepositoryConfigurationExtensionSupport - Spring Data JDBC - Could not safely identify store assignment for repository candidate interface com.example.exercicio.repository.UsuarioFlywayRepository; If you want this repository to be a JDBC repository, consider annotating your entities with one of these annotations: org.springframework.data.relational.core.mapping.Table.
22:24:18.044 [restartedMain] INFO  o.s.d.r.c.RepositoryConfigurationDelegate - Finished Spring Data repository scanning in 48 ms. Found 0 JDBC repository interfaces.
22:24:18.064 [restartedMain] INFO  o.s.d.r.c.RepositoryConfigurationDelegate - Multiple Spring Data modules found, entering strict repository configuration mode
22:24:18.067 [restartedMain] INFO  o.s.d.r.c.RepositoryConfigurationDelegate - Bootstrapping Spring Data JPA repositories in DEFAULT mode.
22:24:18.129 [restartedMain] INFO  o.s.d.r.c.RepositoryConfigurationDelegate - Finished Spring Data repository scanning in 55 ms. Found 2 JPA repository interfaces.
22:24:19.397 [restartedMain] INFO  o.s.b.w.e.tomcat.TomcatWebServer - Tomcat initialized with port(s): 3333 (http)
22:24:19.409 [restartedMain] INFO  o.a.coyote.http11.Http11NioProtocol - Initializing ProtocolHandler ["http-nio-3333"]
22:24:19.414 [restartedMain] INFO  o.a.catalina.core.StandardService - Starting service [Tomcat]
22:24:19.414 [restartedMain] INFO  o.a.catalina.core.StandardEngine - Starting Servlet engine: [Apache Tomcat/10.1.13]
22:24:19.523 [restartedMain] INFO  o.a.c.c.C.[Tomcat].[localhost].[/] - Initializing Spring embedded WebApplicationContext
22:24:19.526 [restartedMain] INFO  o.s.b.w.s.c.ServletWebServerApplicationContext - Root WebApplicationContext: initialization completed in 3695 ms
22:24:19.843 [restartedMain] INFO  o.f.c.i.license.VersionPrinter - Flyway Community Edition 9.16.3 by Redgate
22:24:19.843 [restartedMain] INFO  o.f.c.i.license.VersionPrinter - See release notes here: https://rd.gt/416ObMi
22:24:19.847 [restartedMain] INFO  o.f.c.i.license.VersionPrinter - 
22:24:19.866 [restartedMain] INFO  com.zaxxer.hikari.HikariDataSource - HikariPool-1 - Starting...
22:24:20.494 [restartedMain] INFO  com.zaxxer.hikari.pool.HikariPool - HikariPool-1 - Added connection org.postgresql.jdbc.PgConnection@2afddd01
22:24:20.499 [restartedMain] INFO  com.zaxxer.hikari.HikariDataSource - HikariPool-1 - Start completed.
22:24:20.540 [restartedMain] INFO  o.f.c.i.d.base.BaseDatabaseType - Database: jdbc:postgresql://localhost:5432/testeCrud (PostgreSQL 15.4)
22:24:20.652 [restartedMain] INFO  o.f.core.internal.command.DbValidate - Successfully validated 6 migrations (execution time 00:00.062s)
22:24:20.707 [restartedMain] INFO  o.f.core.internal.command.DbMigrate - Current version of schema "public": 1.06
22:24:20.710 [restartedMain] INFO  o.f.core.internal.command.DbMigrate - Schema "public" is up to date. No migration necessary.
22:24:20.916 [restartedMain] INFO  o.h.jpa.internal.util.LogHelper - HHH000204: Processing PersistenceUnitInfo [name: default]
22:24:20.994 [restartedMain] INFO  org.hibernate.Version - HHH000412: Hibernate ORM core version 6.2.9.Final
22:24:20.998 [restartedMain] INFO  org.hibernate.cfg.Environment - HHH000406: Using bytecode reflection optimizer
22:24:21.198 [restartedMain] INFO  o.h.b.i.BytecodeProviderInitiator - HHH000021: Bytecode provider name : bytebuddy
22:24:21.405 [restartedMain] INFO  o.s.o.j.p.SpringPersistenceUnitInfo - No LoadTimeWeaver setup: ignoring JPA class transformer
22:24:21.676 [restartedMain] INFO  o.h.b.i.BytecodeProviderInitiator - HHH000021: Bytecode provider name : bytebuddy
22:24:22.738 [restartedMain] INFO  o.h.e.t.j.p.i.JtaPlatformInitiator - HHH000490: Using JtaPlatform implementation: [org.hibernate.engine.transaction.jta.platform.internal.NoJtaPlatform]
22:24:22.856 [restartedMain] INFO  o.s.o.j.LocalContainerEntityManagerFactoryBean - Initialized JPA EntityManagerFactory for persistence unit 'default'
22:24:23.701 [restartedMain] WARN  o.s.b.a.o.j.JpaBaseConfiguration$JpaWebConfiguration - spring.jpa.open-in-view is enabled by default. Therefore, database queries may be performed during view rendering. Explicitly configure spring.jpa.open-in-view to disable this warning
22:24:25.538 [restartedMain] INFO  o.s.b.d.a.OptionalLiveReloadServer - LiveReload server is running on port 35729
22:24:25.653 [restartedMain] INFO  o.a.coyote.http11.Http11NioProtocol - Starting ProtocolHandler ["http-nio-3333"]
22:24:25.703 [restartedMain] INFO  o.s.b.w.e.tomcat.TomcatWebServer - Tomcat started on port(s): 3333 (http) with context path ''
22:24:25.787 [restartedMain] INFO  c.e.e.ExercicoSpringTesteApplication - Started ExercicoSpringTesteApplication in 11.079 seconds (process running for 12.512)
22:25:06.533 [background-preinit] INFO  o.h.validator.internal.util.Version - HV000001: Hibernate Validator 8.0.1.Final
22:25:06.729 [restartedMain] INFO  c.e.e.ExercicoSpringTesteApplication - Starting ExercicoSpringTesteApplication using Java 17.0.6 with PID 36140 (/home/tcharles/Área de Trabalho/Spring-Boot_Exemples/exercicioSpring_teste/target/classes started by tcharles in /home/tcharles/Área de Trabalho/Spring-Boot_Exemples/exercicioSpring_teste)
22:25:06.732 [restartedMain] INFO  c.e.e.ExercicoSpringTesteApplication - No active profile set, falling back to 1 default profile: "default"
22:25:06.820 [restartedMain] INFO  o.s.b.d.e.DevToolsPropertyDefaultsPostProcessor - Devtools property defaults active! Set 'spring.devtools.add-properties' to 'false' to disable
22:25:06.821 [restartedMain] INFO  o.s.b.d.e.DevToolsPropertyDefaultsPostProcessor - For additional web related logging consider setting the 'logging.level.web' property to 'DEBUG'
22:25:08.199 [restartedMain] INFO  o.s.d.r.c.RepositoryConfigurationDelegate - Multiple Spring Data modules found, entering strict repository configuration mode
22:25:08.201 [restartedMain] INFO  o.s.d.r.c.RepositoryConfigurationDelegate - Bootstrapping Spring Data JDBC repositories in DEFAULT mode.
22:25:08.257 [restartedMain] INFO  o.s.d.r.c.RepositoryConfigurationExtensionSupport - Spring Data JDBC - Could not safely identify store assignment for repository candidate interface com.example.exercicio.repository.BoletoRepository; If you want this repository to be a JDBC repository, consider annotating your entities with one of these annotations: org.springframework.data.relational.core.mapping.Table.
22:25:08.260 [restartedMain] INFO  o.s.d.r.c.RepositoryConfigurationExtensionSupport - Spring Data JDBC - Could not safely identify store assignment for repository candidate interface com.example.exercicio.repository.UsuarioFlywayRepository; If you want this repository to be a JDBC repository, consider annotating your entities with one of these annotations: org.springframework.data.relational.core.mapping.Table.
22:25:08.261 [restartedMain] INFO  o.s.d.r.c.RepositoryConfigurationDelegate - Finished Spring Data repository scanning in 52 ms. Found 0 JDBC repository interfaces.
22:25:08.293 [restartedMain] INFO  o.s.d.r.c.RepositoryConfigurationDelegate - Multiple Spring Data modules found, entering strict repository configuration mode
22:25:08.295 [restartedMain] INFO  o.s.d.r.c.RepositoryConfigurationDelegate - Bootstrapping Spring Data JPA repositories in DEFAULT mode.
22:25:08.372 [restartedMain] INFO  o.s.d.r.c.RepositoryConfigurationDelegate - Finished Spring Data repository scanning in 71 ms. Found 2 JPA repository interfaces.
22:25:09.653 [restartedMain] INFO  o.s.b.w.e.tomcat.TomcatWebServer - Tomcat initialized with port(s): 3333 (http)
22:25:09.667 [restartedMain] INFO  o.a.coyote.http11.Http11NioProtocol - Initializing ProtocolHandler ["http-nio-3333"]
22:25:09.671 [restartedMain] INFO  o.a.catalina.core.StandardService - Starting service [Tomcat]
22:25:09.671 [restartedMain] INFO  o.a.catalina.core.StandardEngine - Starting Servlet engine: [Apache Tomcat/10.1.13]
22:25:09.776 [restartedMain] INFO  o.a.c.c.C.[Tomcat].[localhost].[/] - Initializing Spring embedded WebApplicationContext
22:25:09.779 [restartedMain] INFO  o.s.b.w.s.c.ServletWebServerApplicationContext - Root WebApplicationContext: initialization completed in 2956 ms
22:25:10.156 [restartedMain] INFO  o.f.c.i.license.VersionPrinter - Flyway Community Edition 9.16.3 by Redgate
22:25:10.157 [restartedMain] INFO  o.f.c.i.license.VersionPrinter - See release notes here: https://rd.gt/416ObMi
22:25:10.157 [restartedMain] INFO  o.f.c.i.license.VersionPrinter - 
22:25:10.188 [restartedMain] INFO  com.zaxxer.hikari.HikariDataSource - HikariPool-1 - Starting...
22:25:10.729 [restartedMain] INFO  com.zaxxer.hikari.pool.HikariPool - HikariPool-1 - Added connection org.postgresql.jdbc.PgConnection@dc023d9
22:25:10.732 [restartedMain] INFO  com.zaxxer.hikari.HikariDataSource - HikariPool-1 - Start completed.
22:25:10.754 [restartedMain] INFO  o.f.c.i.d.base.BaseDatabaseType - Database: jdbc:postgresql://localhost:5432/testeCrud (PostgreSQL 15.4)
22:25:10.819 [restartedMain] INFO  o.f.core.internal.command.DbValidate - Successfully validated 6 migrations (execution time 00:00.038s)
22:25:10.946 [restartedMain] INFO  o.f.core.internal.command.DbMigrate - Current version of schema "public": 1.06
22:25:10.951 [restartedMain] INFO  o.f.core.internal.command.DbMigrate - Schema "public" is up to date. No migration necessary.
22:25:11.107 [restartedMain] INFO  o.h.jpa.internal.util.LogHelper - HHH000204: Processing PersistenceUnitInfo [name: default]
22:25:11.184 [restartedMain] INFO  org.hibernate.Version - HHH000412: Hibernate ORM core version 6.2.9.Final
22:25:11.189 [restartedMain] INFO  org.hibernate.cfg.Environment - HHH000406: Using bytecode reflection optimizer
22:25:11.415 [restartedMain] INFO  o.h.b.i.BytecodeProviderInitiator - HHH000021: Bytecode provider name : bytebuddy
22:25:11.654 [restartedMain] INFO  o.s.o.j.p.SpringPersistenceUnitInfo - No LoadTimeWeaver setup: ignoring JPA class transformer
22:25:11.922 [restartedMain] INFO  o.h.b.i.BytecodeProviderInitiator - HHH000021: Bytecode provider name : bytebuddy
22:25:12.758 [restartedMain] INFO  o.h.e.t.j.p.i.JtaPlatformInitiator - HHH000490: Using JtaPlatform implementation: [org.hibernate.engine.transaction.jta.platform.internal.NoJtaPlatform]
22:25:12.826 [restartedMain] INFO  o.s.o.j.LocalContainerEntityManagerFactoryBean - Initialized JPA EntityManagerFactory for persistence unit 'default'
22:25:13.631 [restartedMain] WARN  o.s.b.a.o.j.JpaBaseConfiguration$JpaWebConfiguration - spring.jpa.open-in-view is enabled by default. Therefore, database queries may be performed during view rendering. Explicitly configure spring.jpa.open-in-view to disable this warning
22:25:15.024 [restartedMain] INFO  o.s.b.d.a.OptionalLiveReloadServer - LiveReload server is running on port 35729
22:25:15.079 [restartedMain] INFO  o.a.coyote.http11.Http11NioProtocol - Starting ProtocolHandler ["http-nio-3333"]
22:25:15.178 [restartedMain] INFO  o.s.b.w.e.tomcat.TomcatWebServer - Tomcat started on port(s): 3333 (http) with context path ''
22:25:15.234 [restartedMain] INFO  c.e.e.ExercicoSpringTesteApplication - Started ExercicoSpringTesteApplication in 9.385 seconds (process running for 11.081)
22:25:24.693 [http-nio-3333-exec-1] INFO  o.a.c.c.C.[Tomcat].[localhost].[/] - Initializing Spring DispatcherServlet 'dispatcherServlet'
22:25:24.696 [http-nio-3333-exec-1] INFO  o.s.web.servlet.DispatcherServlet - Initializing Servlet 'dispatcherServlet'
22:25:24.700 [http-nio-3333-exec-1] INFO  o.s.web.servlet.DispatcherServlet - Completed initialization in 4 ms
